2024-11-26 20:42:03,537 - INFO - Pipeline started: Ingesting data.
2024-11-26 20:42:03,538 - INFO - Starting data ingestion...
2024-11-26 20:42:05,056 - INFO - Data ingestion completed successfully.
2024-11-26 20:42:05,056 - INFO - Validating datasets.
2024-11-26 20:42:05,056 - INFO - Validating Base Dataset dataset...
2024-11-26 20:42:05,924 - INFO - Base Dataset - Missing values: 195587, Duplicates: 19336
2024-11-26 20:42:05,924 - INFO - Validating Options Dataset dataset...
2024-11-26 20:42:05,925 - INFO - Options Dataset - Missing values: 2, Duplicates: 0
2024-11-26 20:42:05,925 - INFO - Validating Vehicle Line Mapping Dataset dataset...
2024-11-26 20:42:05,926 - INFO - Vehicle Line Mapping Dataset - Missing values: 4, Duplicates: 0
2024-11-26 20:42:05,926 - INFO - Enriching data.
2024-11-26 20:42:05,926 - INFO - Starting data enrichment...
2024-11-26 20:42:05,926 - ERROR - Data enrichment failed: 'sales_price'
2024-11-26 20:42:05,926 - ERROR - Pipeline execution failed: 'sales_price'
2024-11-26 20:44:44,002 - INFO - Pipeline started: Ingesting data.
2024-11-26 20:44:44,002 - INFO - Starting data ingestion...
2024-11-26 20:44:45,775 - INFO - Data ingestion completed successfully.
2024-11-26 20:44:45,775 - INFO - Validating datasets.
2024-11-26 20:44:45,775 - INFO - Validating Base Dataset dataset...
2024-11-26 20:44:47,033 - INFO - Base Dataset - Missing values: 195587, Duplicates: 19336
2024-11-26 20:44:47,033 - INFO - Validating Options Dataset dataset...
2024-11-26 20:44:47,034 - INFO - Options Dataset - Missing values: 2, Duplicates: 0
2024-11-26 20:44:47,034 - INFO - Validating Vehicle Line Mapping Dataset dataset...
2024-11-26 20:44:47,035 - INFO - Vehicle Line Mapping Dataset - Missing values: 4, Duplicates: 0
2024-11-26 20:44:47,035 - INFO - Enriching data.
2024-11-26 20:44:47,035 - INFO - Starting data enrichment...
2024-11-26 20:44:47,035 - ERROR - Data enrichment failed: 'sales_price'
2024-11-26 20:44:47,035 - ERROR - Pipeline execution failed: 'sales_price'
2024-11-26 20:45:45,817 - INFO - Pipeline started: Ingesting data.
2024-11-26 20:45:45,818 - INFO - Starting data ingestion...
2024-11-26 20:45:47,402 - INFO - Data ingestion completed successfully.
2024-11-26 20:45:47,402 - INFO - Validating datasets.
2024-11-26 20:45:47,402 - INFO - Validating Base Dataset dataset...
2024-11-26 20:45:48,292 - INFO - Base Dataset - Missing values: 195587, Duplicates: 19336
2024-11-26 20:45:48,292 - INFO - Validating Options Dataset dataset...
2024-11-26 20:45:48,293 - INFO - Options Dataset - Missing values: 2, Duplicates: 0
2024-11-26 20:45:48,293 - INFO - Validating Vehicle Line Mapping Dataset dataset...
2024-11-26 20:45:48,294 - INFO - Vehicle Line Mapping Dataset - Missing values: 4, Duplicates: 0
2024-11-26 20:45:48,294 - INFO - Enriching data.
2024-11-26 20:45:48,294 - INFO - Starting data enrichment...
2024-11-26 20:45:48,297 - ERROR - Data enrichment failed: 'option_code'
2024-11-26 20:45:48,297 - ERROR - Pipeline execution failed: 'option_code'
2024-11-26 20:50:53,260 - INFO - Pipeline started: Ingesting data.
2024-11-26 20:50:53,261 - INFO - Starting data ingestion...
2024-11-26 20:50:55,122 - INFO - Data ingestion completed successfully.
2024-11-26 20:50:55,123 - INFO - Validating datasets.
2024-11-26 20:50:55,123 - INFO - Validating Base Dataset dataset...
2024-11-26 20:50:56,111 - INFO - Base Dataset - Missing values: 195587, Duplicates: 19336
2024-11-26 20:50:56,111 - INFO - Validating Options Dataset dataset...
2024-11-26 20:50:56,112 - INFO - Options Dataset - Missing values: 2, Duplicates: 0
2024-11-26 20:50:56,113 - INFO - Validating Vehicle Line Mapping Dataset dataset...
2024-11-26 20:50:56,113 - INFO - Vehicle Line Mapping Dataset - Missing values: 4, Duplicates: 0
2024-11-26 20:50:56,113 - INFO - Enriching data.
2024-11-26 20:50:56,113 - INFO - Starting data enrichment...
2024-11-26 20:50:56,117 - ERROR - Data enrichment failed: 'Option_Code'
2024-11-26 20:50:56,117 - ERROR - Pipeline execution failed: 'Option_Code'
2024-11-26 20:54:49,146 - INFO - Pipeline started: Ingesting data.
2024-11-26 20:54:49,146 - INFO - Starting data ingestion...
2024-11-26 20:54:50,565 - INFO - Data ingestion completed successfully.
2024-11-26 20:54:50,565 - INFO - Validating datasets.
2024-11-26 20:54:50,566 - INFO - Validating Base Dataset dataset...
2024-11-26 20:54:51,605 - INFO - Base Dataset - Missing values: 195587, Duplicates: 19336
2024-11-26 20:54:51,605 - INFO - Validating Options Dataset dataset...
2024-11-26 20:54:51,606 - INFO - Options Dataset - Missing values: 2, Duplicates: 0
2024-11-26 20:54:51,606 - INFO - Validating Vehicle Line Mapping Dataset dataset...
2024-11-26 20:54:51,607 - INFO - Vehicle Line Mapping Dataset - Missing values: 4, Duplicates: 0
2024-11-26 20:54:51,607 - INFO - Enriching data.
2024-11-26 20:54:51,607 - INFO - Starting data enrichment...
2024-11-26 20:54:51,612 - ERROR - Data enrichment failed: 'Options_Code'
2024-11-26 20:54:51,612 - ERROR - Pipeline execution failed: 'Options_Code'
2024-11-26 21:04:18,593 - INFO - Pipeline started: Ingesting data.
2024-11-26 21:04:18,594 - INFO - Starting data ingestion...
2024-11-26 21:04:20,144 - INFO - Data ingestion completed successfully.
2024-11-26 21:04:20,145 - INFO - Validating datasets.
2024-11-26 21:04:20,145 - INFO - Validating Base Dataset dataset...
2024-11-26 21:04:21,321 - INFO - Base Dataset - Missing values: 195587, Duplicates: 19336
2024-11-26 21:04:21,321 - INFO - Validating Options Dataset dataset...
2024-11-26 21:04:21,323 - INFO - Options Dataset - Missing values: 2, Duplicates: 0
2024-11-26 21:04:21,323 - INFO - Validating Vehicle Line Mapping Dataset dataset...
2024-11-26 21:04:21,324 - INFO - Vehicle Line Mapping Dataset - Missing values: 4, Duplicates: 0
2024-11-26 21:04:21,324 - INFO - Enriching data.
2024-11-26 21:04:21,324 - INFO - Starting data enrichment...
2024-11-26 21:04:21,327 - ERROR - Data enrichment failed: 'Option_code'
2024-11-26 21:04:21,327 - ERROR - Pipeline execution failed: 'Option_code'
2024-11-26 21:25:14,004 - INFO - Starting data ingestion...
2024-11-26 21:25:14,004 - INFO - Loading base dataset from data/base_data.csv...
2024-11-26 21:25:15,731 - INFO - Loading options dataset from data/options_data.csv...
2024-11-26 21:25:15,734 - INFO - Data ingestion completed successfully.
2024-11-26 21:25:15,734 - INFO - Starting data enrichment...
2024-11-26 21:25:15,740 - ERROR - Data enrichment failed: 'Option_code'
2024-11-26 21:25:15,740 - ERROR - ETL pipeline failed: 'Option_code'
2024-11-26 21:30:30,579 - INFO - Starting data ingestion...
2024-11-26 21:30:30,579 - INFO - Loading base dataset from data/base_data.csv...
2024-11-26 21:30:31,871 - INFO - Loading options dataset from data/options_data.csv...
2024-11-26 21:30:31,873 - INFO - Data ingestion completed successfully.
2024-11-26 21:30:31,873 - INFO - Starting data enrichment...
2024-11-26 21:30:32,290 - ERROR - Data enrichment failed: 'Material_cost'
2024-11-26 21:30:32,290 - ERROR - ETL pipeline failed: 'Material_cost'
2024-11-26 21:32:13,662 - INFO - Starting data ingestion...
2024-11-26 21:32:13,663 - INFO - Loading base dataset from data/base_data.csv...
2024-11-26 21:32:15,017 - INFO - Loading options dataset from data/options_data.csv...
2024-11-26 21:32:15,022 - INFO - Data ingestion completed successfully.
2024-11-26 21:32:15,022 - INFO - Starting data enrichment...
2024-11-26 21:32:15,909 - INFO - Data enrichment completed successfully.
2024-11-26 21:32:15,997 - INFO - Validating enriched data...
2024-11-26 21:32:16,157 - WARNING - Enriched dataset has missing values:
VIN                28
Options_Code        0
Model_Text         37
Sales_Price        24
production_cost    14
profit             24
dtype: int64
2024-11-26 21:32:16,158 - INFO - Validation completed successfully.
2024-11-26 21:32:16,158 - INFO - Saving enriched data to output/enriched_data.parquet...
2024-11-26 21:32:18,750 - INFO - ETL pipeline completed successfully.
2024-11-26 21:42:05,724 - INFO - Starting data ingestion...
2024-11-26 21:42:05,725 - INFO - Loading base dataset from data/base_data.csv...
2024-11-26 21:42:06,928 - INFO - Loading options dataset from data/options_data.csv...
2024-11-26 21:42:06,930 - INFO - Data ingestion completed successfully.
2024-11-26 21:42:06,930 - INFO - Starting data enrichment...
2024-11-26 21:42:07,634 - INFO - Data enrichment completed successfully.
2024-11-26 21:42:07,715 - INFO - Validating enriched data...
2024-11-26 21:42:07,715 - INFO - Starting data validation...
2024-11-26 21:42:07,721 - WARNING - Invalid Zero Costs: 0
2024-11-26 21:42:07,722 - ERROR - Data validation failed: 'Material_Cost'
2024-11-26 21:42:07,722 - ERROR - ETL pipeline failed: 'Material_Cost'
2024-11-26 21:43:46,528 - INFO - Starting data ingestion...
2024-11-26 21:43:46,528 - INFO - Loading base dataset from data/base_data.csv...
2024-11-26 21:43:47,758 - INFO - Loading options dataset from data/options_data.csv...
2024-11-26 21:43:47,761 - INFO - Data ingestion completed successfully.
2024-11-26 21:43:47,761 - INFO - Starting data enrichment...
2024-11-26 21:43:48,470 - INFO - Data enrichment completed successfully.
2024-11-26 21:43:48,544 - INFO - Validating enriched data...
2024-11-26 21:43:48,545 - INFO - Starting data validation...
2024-11-26 21:43:48,547 - WARNING - Invalid Zero Costs: 0
2024-11-26 21:43:48,548 - ERROR - Data validation failed: 'Material_Cost'
2024-11-26 21:43:48,548 - ERROR - ETL pipeline failed: 'Material_Cost'
2024-11-26 21:46:23,889 - INFO - Starting data ingestion...
2024-11-26 21:46:23,889 - INFO - Loading base dataset from data/base_data.csv...
2024-11-26 21:46:25,087 - INFO - Loading options dataset from data/options_data.csv...
2024-11-26 21:46:25,090 - INFO - Data ingestion completed successfully.
2024-11-26 21:46:25,090 - INFO - Starting data enrichment...
2024-11-26 21:46:25,726 - INFO - Data enrichment completed successfully.
2024-11-26 21:46:25,806 - INFO - Validating enriched data...
2024-11-26 21:46:25,806 - INFO - Starting data validation...
2024-11-26 21:46:25,809 - WARNING - Invalid Zero Costs: 0
2024-11-26 21:46:25,813 - WARNING - Invalid Exact Matches: 0
2024-11-26 21:46:26,002 - WARNING - Invalid Average Costs: 627438
2024-11-26 21:46:26,056 - WARNING - Invalid Fallback Costs: 0
2024-11-26 21:46:26,059 - WARNING - Invalid Profits: 24
2024-11-26 21:46:26,212 - INFO - Missing Values:
VIN                       28
Options_Code               0
Model_Text                37
Sales_Price               24
Material_Cost        1526204
production_cost           14
profit                    24
Avg_Material_Cost    1001712
dtype: int64
2024-11-26 21:46:26,212 - INFO - Data validation completed successfully.
2024-11-26 21:46:26,216 - INFO - Saving enriched data to output/enriched_data.parquet...
2024-11-26 21:46:26,849 - INFO - ETL pipeline completed successfully.
2024-11-26 23:44:49,025 - INFO - Starting data ingestion...
2024-11-26 23:44:49,025 - INFO - Loading base dataset from data/base_data.csv...
2024-11-26 23:44:50,557 - INFO - Loading options dataset from data/options_data.csv...
2024-11-26 23:44:50,560 - INFO - Data ingestion completed successfully.
2024-11-26 23:44:50,560 - INFO - Starting data enrichment...
2024-11-26 23:44:51,288 - INFO - Data enrichment completed successfully.
2024-11-26 23:44:51,366 - INFO - Validating enriched data...
2024-11-26 23:44:51,367 - INFO - Starting data validation...
2024-11-26 23:44:51,376 - WARNING - Invalid Zero Costs: 0
2024-11-26 23:44:51,381 - WARNING - Invalid Exact Matches: 0
2024-11-26 23:44:51,498 - WARNING - Invalid Average Costs: 627438
2024-11-26 23:44:51,550 - WARNING - Invalid Fallback Costs: 0
2024-11-26 23:44:51,552 - WARNING - Invalid Profits: 24
2024-11-26 23:44:51,701 - INFO - Missing Values:
VIN                       28
Options_Code               0
Model_Text                37
Sales_Price               24
Material_Cost        1526204
production_cost           14
profit                    24
Avg_Material_Cost    1001712
dtype: int64
2024-11-26 23:44:51,701 - INFO - Data validation completed successfully.
2024-11-26 23:44:51,705 - INFO - Saving enriched data to output/enriched_data.parquet...
2024-11-26 23:44:52,332 - INFO - ETL pipeline completed successfully.
2024-11-27 00:25:26,468 - INFO - Starting data ingestion...
2024-11-27 00:25:26,468 - INFO - Loading base dataset from /Users/manojghanta/Downloads/DataEngineer 1/base_data.csv...
2024-11-27 00:25:27,655 - INFO - Loading options dataset from /Users/manojghanta/Downloads/DataEngineer 1/options_data.csv...
2024-11-27 00:25:27,657 - INFO - Data ingestion completed successfully.
2024-11-27 00:25:27,657 - INFO - Starting data enrichment...
2024-11-27 00:25:28,363 - INFO - Data enrichment completed successfully.
2024-11-27 00:25:28,439 - INFO - Validating enriched data...
2024-11-27 00:25:28,439 - INFO - Starting data validation...
2024-11-27 00:25:28,443 - WARNING - Invalid Zero Costs: 0
2024-11-27 00:25:28,447 - WARNING - Invalid Exact Matches: 0
2024-11-27 00:25:28,566 - WARNING - Invalid Average Costs: 627438
2024-11-27 00:25:28,619 - WARNING - Invalid Fallback Costs: 0
2024-11-27 00:25:28,623 - WARNING - Invalid Profits: 24
2024-11-27 00:25:28,780 - INFO - Missing Values:
VIN                       28
Options_Code               0
Model_Text                37
Sales_Price               24
Material_Cost        1526204
production_cost           14
profit                    24
Avg_Material_Cost    1001712
dtype: int64
2024-11-27 00:25:28,780 - INFO - Data validation completed successfully.
2024-11-27 00:25:28,784 - INFO - Saving enriched data to output/enriched_data.parquet...
2024-11-27 00:25:29,424 - INFO - ETL pipeline completed successfully.
2024-11-27 00:32:54,075 - INFO - Starting data ingestion...
2024-11-27 00:32:54,075 - INFO - Loading base dataset from /Users/manojghanta/Downloads/DataEngineer 1/base_data.csv...
2024-11-27 00:32:55,263 - INFO - Loading options dataset from /Users/manojghanta/Downloads/DataEngineer 1/options_data.csv...
2024-11-27 00:32:55,265 - INFO - Data ingestion completed successfully.
2024-11-27 00:32:55,265 - INFO - Starting data enrichment...
2024-11-27 00:32:56,010 - INFO - Data enrichment completed successfully.
2024-11-27 00:32:56,096 - INFO - Validating enriched data...
2024-11-27 00:32:56,096 - INFO - Starting data validation...
2024-11-27 00:32:56,099 - WARNING - Invalid Zero Costs: 0
2024-11-27 00:32:56,103 - WARNING - Invalid Exact Matches: 0
2024-11-27 00:32:56,222 - WARNING - Invalid Average Costs: 627438
2024-11-27 00:32:56,273 - WARNING - Invalid Fallback Costs: 0
2024-11-27 00:32:56,276 - WARNING - Invalid Profits: 24
2024-11-27 00:32:56,426 - INFO - Missing Values:
VIN                       28
Options_Code               0
Model_Text                37
Sales_Price               24
Material_Cost        1526204
production_cost           14
profit                    24
Avg_Material_Cost    1001712
dtype: int64
2024-11-27 00:32:56,426 - INFO - Data validation completed successfully.
2024-11-27 00:32:56,430 - INFO - Saving enriched data to output/enriched_data.parquet...
2024-11-27 00:32:57,077 - INFO - ETL pipeline completed successfully.
2024-11-27 00:39:21,840 - INFO - Starting data ingestion...
2024-11-27 00:39:21,840 - INFO - Loading base dataset from data/base_data.csv...
2024-11-27 00:39:23,034 - INFO - Loading options dataset from data/options_data.csv...
2024-11-27 00:39:23,036 - INFO - Data ingestion completed successfully.
2024-11-27 00:39:23,036 - INFO - Starting data enrichment...
2024-11-27 00:39:23,761 - INFO - Data enrichment completed successfully.
2024-11-27 00:39:23,839 - INFO - Validating enriched data...
2024-11-27 00:39:23,840 - INFO - Starting data validation...
2024-11-27 00:39:23,842 - WARNING - Invalid Zero Costs: 0
2024-11-27 00:39:23,845 - WARNING - Invalid Exact Matches: 0
2024-11-27 00:39:23,965 - WARNING - Invalid Average Costs: 627438
2024-11-27 00:39:24,034 - WARNING - Invalid Fallback Costs: 0
2024-11-27 00:39:24,036 - WARNING - Invalid Profits: 24
2024-11-27 00:39:24,186 - INFO - Missing Values:
VIN                       28
Options_Code               0
Model_Text                37
Sales_Price               24
Material_Cost        1526204
production_cost           14
profit                    24
Avg_Material_Cost    1001712
dtype: int64
2024-11-27 00:39:24,186 - INFO - Data validation completed successfully.
2024-11-27 00:39:24,191 - INFO - Saving enriched data to output/enriched_data.parquet...
2024-11-27 00:39:24,813 - INFO - ETL pipeline completed successfully.
2024-11-27 04:05:24,155 - INFO - Starting data ingestion...
2024-11-27 04:05:24,156 - INFO - Loading base dataset from data/base_data.csv...
2024-11-27 04:05:25,349 - INFO - Loading options dataset from data/options_data.csv...
2024-11-27 04:05:25,353 - INFO - Data ingestion completed successfully.
2024-11-27 04:05:25,353 - INFO - Starting data enrichment...
2024-11-27 04:05:25,975 - INFO - Data enrichment completed successfully.
2024-11-27 04:05:26,052 - INFO - Validating enriched data...
2024-11-27 04:05:26,052 - INFO - Starting data validation...
2024-11-27 04:05:26,055 - WARNING - Invalid Zero Costs: 0
2024-11-27 04:05:26,058 - WARNING - Invalid Exact Matches: 0
2024-11-27 04:05:26,215 - WARNING - Invalid Average Costs: 627438
2024-11-27 04:05:26,273 - WARNING - Invalid Fallback Costs: 0
2024-11-27 04:05:26,277 - WARNING - Invalid Profits: 24
2024-11-27 04:05:26,457 - INFO - Missing Values:
VIN                       28
Options_Code               0
Model_Text                37
Sales_Price               24
Material_Cost        1526204
production_cost           14
profit                    24
Avg_Material_Cost    1001712
dtype: int64
2024-11-27 04:05:26,457 - INFO - Data validation completed successfully.
2024-11-27 04:05:26,466 - INFO - Saving enriched data to output/enriched_data.parquet...
2024-11-27 04:05:28,077 - INFO - ETL pipeline completed successfully.
2024-11-27 12:22:15,299 - INFO - Starting data ingestion...
2024-11-27 12:22:15,299 - INFO - Loading base dataset from data/base_data.csv...
2024-11-27 12:22:16,585 - INFO - Loading options dataset from data/options_data.csv...
2024-11-27 12:22:16,587 - INFO - Data ingestion completed successfully.
2024-11-27 12:22:16,587 - INFO - Starting data enrichment...
2024-11-27 12:22:17,184 - INFO - Data enrichment completed successfully.
2024-11-27 12:22:17,287 - INFO - Validating enriched data...
2024-11-27 12:22:17,287 - INFO - Starting data validation...
2024-11-27 12:22:17,290 - WARNING - Invalid Zero Costs: 0
2024-11-27 12:22:17,294 - WARNING - Invalid Exact Matches: 0
2024-11-27 12:22:17,424 - WARNING - Invalid Average Costs: 627438
2024-11-27 12:22:17,482 - WARNING - Invalid Fallback Costs: 0
2024-11-27 12:22:17,485 - WARNING - Invalid Profits: 24
2024-11-27 12:22:17,652 - INFO - Missing Values:
VIN                       28
Options_Code               0
Model_Text                37
Sales_Price               24
Material_Cost        1526204
production_cost           14
profit                    24
Avg_Material_Cost    1001712
dtype: int64
2024-11-27 12:22:17,652 - INFO - Data validation completed successfully.
2024-11-27 12:22:17,656 - INFO - Saving enriched data to output/enriched_data.parquet...
2024-11-27 12:22:18,304 - INFO - ETL pipeline completed successfully.
2024-11-27 12:33:03,196 - INFO - Starting data ingestion...
2024-11-27 12:33:03,196 - INFO - Loading base dataset from data/base_data.csv...
2024-11-27 12:33:04,721 - INFO - Loading options dataset from data/options_data.csv...
2024-11-27 12:33:04,724 - INFO - Data ingestion completed successfully.
2024-11-27 12:33:04,724 - INFO - Starting data enrichment...
2024-11-27 12:33:05,324 - INFO - Data enrichment completed successfully.
2024-11-27 12:33:05,401 - INFO - Validating enriched data...
2024-11-27 12:33:05,401 - INFO - Starting data validation...
2024-11-27 12:33:05,404 - WARNING - Invalid Zero Costs: 0
2024-11-27 12:33:05,407 - WARNING - Invalid Exact Matches: 0
2024-11-27 12:33:05,524 - WARNING - Invalid Average Costs: 627438
2024-11-27 12:33:05,576 - WARNING - Invalid Fallback Costs: 0
2024-11-27 12:33:05,578 - WARNING - Invalid Profits: 24
2024-11-27 12:33:05,733 - INFO - Missing Values:
VIN                       28
Options_Code               0
Model_Text                37
Sales_Price               24
Material_Cost        1526204
production_cost           14
profit                    24
Avg_Material_Cost    1001712
dtype: int64
2024-11-27 12:33:05,733 - INFO - Data validation completed successfully.
2024-11-27 12:33:05,737 - INFO - Saving enriched data to output/enriched_data.parquet...
2024-11-27 12:33:06,381 - INFO - ETL pipeline completed successfully.
2024-11-27 14:24:20,361 - INFO - Starting data ingestion...
2024-11-27 14:24:20,362 - INFO - Loading base dataset from data/base_data.csv...
2024-11-27 14:24:21,640 - INFO - Loading options dataset from data/options_data.csv...
2024-11-27 14:24:21,642 - INFO - Data ingestion completed successfully.
2024-11-27 14:24:21,642 - INFO - Starting data enrichment...
2024-11-27 14:24:22,620 - INFO - Data enrichment completed successfully.
2024-11-27 14:24:22,996 - INFO - Validating enriched data...
2024-11-27 14:24:22,997 - INFO - Starting data validation...
2024-11-27 14:24:23,001 - WARNING - Invalid Zero Costs: 0
2024-11-27 14:24:23,007 - WARNING - Invalid Exact Matches: 0
2024-11-27 14:24:23,185 - WARNING - Invalid Average Costs: 627438
2024-11-27 14:24:23,249 - WARNING - Invalid Fallback Costs: 0
2024-11-27 14:24:23,252 - WARNING - Invalid Profits: 24
2024-11-27 14:24:23,449 - INFO - Missing Values:
VIN                       28
Options_Code               0
Model_Text                37
Sales_Price               24
Material_Cost        1526204
production_cost           14
profit                    24
Avg_Material_Cost    1001712
dtype: int64
2024-11-27 14:24:23,449 - INFO - Data validation completed successfully.
2024-11-27 14:24:23,454 - INFO - Saving enriched data to output/enriched_data.parquet...
2024-11-27 14:24:25,104 - INFO - ETL pipeline completed successfully.
2024-11-27 17:31:33,198 - INFO - Starting data ingestion...
2024-11-27 17:31:33,199 - INFO - Loading base dataset from data/base_data.csv...
2024-11-27 17:31:34,532 - INFO - Loading options dataset from data/options_data.csv...
2024-11-27 17:31:34,534 - INFO - Data ingestion completed successfully.
2024-11-27 17:31:34,534 - INFO - Starting data enrichment...
2024-11-27 17:31:35,143 - INFO - Data enrichment completed successfully.
2024-11-27 17:31:35,223 - INFO - Validating enriched data...
2024-11-27 17:31:35,223 - INFO - Starting data validation...
2024-11-27 17:31:35,225 - WARNING - Invalid Zero Costs: 0
2024-11-27 17:31:35,229 - WARNING - Invalid Exact Matches: 0
2024-11-27 17:31:35,351 - WARNING - Invalid Average Costs: 627438
2024-11-27 17:31:35,402 - WARNING - Invalid Fallback Costs: 0
2024-11-27 17:31:35,405 - WARNING - Invalid Profits: 24
2024-11-27 17:31:35,406 - ERROR - Data validation failed: 'Production_Cost'
2024-11-27 17:31:35,406 - ERROR - ETL pipeline failed: 'Production_Cost'
2024-11-27 17:33:19,418 - INFO - Starting data ingestion...
2024-11-27 17:33:19,419 - INFO - Loading base dataset from data/base_data.csv...
2024-11-27 17:33:20,693 - INFO - Loading options dataset from data/options_data.csv...
2024-11-27 17:33:20,695 - INFO - Data ingestion completed successfully.
2024-11-27 17:33:20,695 - INFO - Starting data enrichment...
2024-11-27 17:33:21,285 - INFO - Data enrichment completed successfully.
2024-11-27 17:33:21,363 - INFO - Validating enriched data...
2024-11-27 17:33:21,363 - INFO - Starting data validation...
2024-11-27 17:33:21,366 - WARNING - Invalid Zero Costs: 0
2024-11-27 17:33:21,369 - WARNING - Invalid Exact Matches: 0
2024-11-27 17:33:21,494 - WARNING - Invalid Average Costs: 627438
2024-11-27 17:33:21,544 - WARNING - Invalid Fallback Costs: 0
2024-11-27 17:33:21,546 - WARNING - Invalid Profits: 24
2024-11-27 17:33:21,553 - INFO - Invalid Production Costs: 14
2024-11-27 17:33:21,706 - INFO - Missing Values:
VIN                       28
Options_Code               0
Model_Text                37
Sales_Price               24
Material_Cost        1526204
production_cost           14
profit                    24
Avg_Material_Cost    1001712
dtype: int64
2024-11-27 17:33:21,706 - INFO - Data validation completed successfully.
2024-11-27 17:33:21,710 - INFO - Saving enriched data to output/enriched_data.parquet...
2024-11-27 17:33:22,362 - INFO - ETL pipeline completed successfully.
2024-11-28 13:42:42,425 - INFO - Starting data ingestion...
2024-11-28 13:42:42,426 - INFO - Loading base dataset from data/base_data.csv...
2024-11-28 13:42:43,684 - INFO - Loading options dataset from data/options_data.csv...
2024-11-28 13:42:43,686 - INFO - Data ingestion completed successfully.
2024-11-28 13:42:43,686 - INFO - Starting data enrichment...
2024-11-28 13:42:44,280 - INFO - Data enrichment completed successfully.
2024-11-28 13:42:44,358 - INFO - Validating enriched data...
2024-11-28 13:42:44,359 - INFO - Starting data validation...
2024-11-28 13:42:44,361 - WARNING - Invalid Zero Costs: 0
2024-11-28 13:42:44,364 - WARNING - Invalid Exact Matches: 0
2024-11-28 13:42:44,486 - WARNING - Invalid Average Costs: 627438
2024-11-28 13:42:44,537 - WARNING - Invalid Fallback Costs: 0
2024-11-28 13:42:44,539 - WARNING - Invalid Profits: 24
2024-11-28 13:42:44,547 - INFO - Invalid Production Costs: 14
2024-11-28 13:42:44,698 - INFO - Missing Values:
VIN                       28
Options_Code               0
Model_Text                37
Sales_Price               24
Material_Cost        1526204
production_cost           14
profit                    24
Avg_Material_Cost    1001712
dtype: int64
2024-11-28 13:42:44,698 - INFO - Data validation completed successfully.
2024-11-28 13:42:44,702 - INFO - Saving enriched data to output/enriched_data.parquet...
2024-11-28 13:42:45,319 - INFO - ETL pipeline completed successfully.
2024-11-28 15:30:08,190 - INFO - Starting data ingestion...
2024-11-28 15:30:08,190 - INFO - Loading base dataset from data/base_data.csv...
2024-11-28 15:30:09,585 - INFO - Loading options dataset from data/options_data.csv...
2024-11-28 15:30:09,587 - INFO - Data ingestion completed successfully.
2024-11-28 15:30:09,587 - INFO - Starting data enrichment...
2024-11-28 15:30:10,222 - INFO - Data enrichment completed successfully.
2024-11-28 15:30:10,310 - INFO - Validating enriched data...
2024-11-28 15:30:10,310 - INFO - Starting data validation...
2024-11-28 15:30:10,313 - WARNING - Invalid Zero Costs: 0
2024-11-28 15:30:10,321 - WARNING - Invalid Exact Matches: 0
2024-11-28 15:30:10,836 - WARNING - Invalid Average Costs: 627438
2024-11-28 15:30:10,908 - WARNING - Invalid Fallback Costs: 0
2024-11-28 15:30:10,912 - WARNING - Invalid Profits: 24
2024-11-28 15:30:10,922 - INFO - Invalid Production Costs: 14
2024-11-28 15:30:11,172 - INFO - Missing Values:
VIN                       28
Options_Code               0
Model_Text                37
Sales_Price               24
Material_Cost        1526204
production_cost           14
profit                    24
Avg_Material_Cost    1001712
dtype: int64
2024-11-28 15:30:11,173 - INFO - Data validation completed successfully.
2024-11-28 15:30:11,195 - INFO - Saving enriched data to output/enriched_data.parquet...
2024-11-28 15:30:11,939 - INFO - ETL pipeline completed successfully.
